Using pre-set license
Built from '2021.3/staging' branch; Version is '2021.3.18f1 (3129e69bc0c7) revision 3221990'; Using compiler version '192829333'; Build Type 'Release'
OS: 'Windows 11  (10.0.22621) 64bit Core' Language: 'ru' Physical Memory: 16063 MB
BatchMode: 1, IsHumanControllingUs: 0, StartBugReporterOnCrash: 0, Is64bit: 1, IsPro: 1

COMMAND LINE ARGUMENTS:
C:\Program Files\Unity\Hub\Editor\2021.3.18f1\Editor\Unity.exe
-adb2
-batchMode
-noUpm
-name
AssetImportWorker14
-projectPath
C:/Games/UnityProjects/WitchHunter
-logFile
Logs/AssetImportWorker14.log
-srvPort
50834
Successfully changed project path to: C:/Games/UnityProjects/WitchHunter
C:/Games/UnityProjects/WitchHunter
[UnityMemory] Configuration Parameters - Can be set up in boot.config
    "memorysetup-bucket-allocator-granularity=16"
    "memorysetup-bucket-allocator-bucket-count=8"
    "memorysetup-bucket-allocator-block-size=33554432"
    "memorysetup-bucket-allocator-block-count=8"
    "memorysetup-main-allocator-block-size=16777216"
    "memorysetup-thread-allocator-block-size=16777216"
    "memorysetup-gfx-main-allocator-block-size=16777216"
    "memorysetup-gfx-thread-allocator-block-size=16777216"
    "memorysetup-cache-allocator-block-size=4194304"
    "memorysetup-typetree-allocator-block-size=2097152"
    "memorysetup-profiler-bucket-allocator-granularity=16"
    "memorysetup-profiler-bucket-allocator-bucket-count=8"
    "memorysetup-profiler-bucket-allocator-block-size=33554432"
    "memorysetup-profiler-bucket-allocator-block-count=8"
    "memorysetup-profiler-allocator-block-size=16777216"
    "memorysetup-profiler-editor-allocator-block-size=1048576"
    "memorysetup-temp-allocator-size-main=16777216"
    "memorysetup-job-temp-allocator-block-size=2097152"
    "memorysetup-job-temp-allocator-block-size-background=1048576"
    "memorysetup-job-temp-allocator-reduction-small-platforms=262144"
    "memorysetup-temp-allocator-size-background-worker=32768"
    "memorysetup-temp-allocator-size-job-worker=262144"
    "memorysetup-temp-allocator-size-preload-manager=33554432"
    "memorysetup-temp-allocator-size-nav-mesh-worker=65536"
    "memorysetup-temp-allocator-size-audio-worker=65536"
    "memorysetup-temp-allocator-size-cloud-worker=32768"
    "memorysetup-temp-allocator-size-gi-baking-worker=262144"
    "memorysetup-temp-allocator-size-gfx=262144"
Player connection [30272] Host "[IP] 25.25.220.12 [Port] 0 [Flags] 2 [Guid] 3419366235 [EditorId] 3419366235 [Version] 1048832 [Id] WindowsEditor(7,DESKTOP-M91KM8H) [Debug] 1 [PackageName] WindowsEditor [ProjectName] Editor" joined multi-casting on [225.0.0.222:54997]...

Player connection [30272] Host "[IP] 25.25.220.12 [Port] 0 [Flags] 2 [Guid] 3419366235 [EditorId] 3419366235 [Version] 1048832 [Id] WindowsEditor(7,DESKTOP-M91KM8H) [Debug] 1 [PackageName] WindowsEditor [ProjectName] Editor" joined alternative multi-casting on [225.0.0.222:34997]...

Refreshing native plugins compatible for Editor in 121.96 ms, found 3 plugins.
Preloading 0 native plugins for Editor in 0.00 ms.
Initialize engine version: 2021.3.18f1 (3129e69bc0c7)
[Subsystems] Discovering subsystems at path C:/Program Files/Unity/Hub/Editor/2021.3.18f1/Editor/Data/Resources/UnitySubsystems
[Subsystems] Discovering subsystems at path C:/Games/UnityProjects/WitchHunter/Assets
GfxDevice: creating device client; threaded=0; jobified=0
Direct3D:
    Version:  Direct3D 11.0 [level 11.1]
    Renderer: NVIDIA GeForce RTX 3070 Laptop GPU (ID=0x249d)
    Vendor:   NVIDIA
    VRAM:     8033 MB
    Driver:   31.0.15.2824
Initialize mono
Mono path[0] = 'C:/Program Files/Unity/Hub/Editor/2021.3.18f1/Editor/Data/Managed'
Mono path[1] = 'C:/Program Files/Unity/Hub/Editor/2021.3.18f1/Editor/Data/MonoBleedingEdge/lib/mono/unityjit-win32'
Mono config path = 'C:/Program Files/Unity/Hub/Editor/2021.3.18f1/Editor/Data/MonoBleedingEdge/etc'
Using monoOptions --debugger-agent=transport=dt_socket,embedding=1,server=y,suspend=n,address=127.0.0.1:56440
Begin MonoManager ReloadAssembly
Registering precompiled unity dll's ...
Register platform support module: C:/Program Files/Unity/Hub/Editor/2021.3.18f1/Editor/Data/PlaybackEngines/WebGLSupport/UnityEditor.WebGL.Extensions.dll
Register platform support module: C:/Program Files/Unity/Hub/Editor/2021.3.18f1/Editor/Data/PlaybackEngines/WindowsStandaloneSupport/UnityEditor.WindowsStandalone.Extensions.dll
Registered in 0.003586 seconds.
Native extension for WindowsStandalone target not found
Native extension for WebGL target not found
Refreshing native plugins compatible for Editor in 124.07 ms, found 3 plugins.
Preloading 0 native plugins for Editor in 0.00 ms.
Mono: successfully reloaded assembly
- Completed reload, in  0.617 seconds
Domain Reload Profiling:
	ReloadAssembly (617ms)
		BeginReloadAssembly (58ms)
			ExecutionOrderSort (0ms)
			DisableScriptedObjects (0ms)
			BackupInstance (0ms)
			ReleaseScriptingObjects (0ms)
			CreateAndSetChildDomain (1ms)
		EndReloadAssembly (462ms)
			LoadAssemblies (56ms)
			RebuildTransferFunctionScriptingTraits (0ms)
			SetupTypeCache (103ms)
			ReleaseScriptCaches (0ms)
			RebuildScriptCaches (24ms)
			SetupLoadedEditorAssemblies (289ms)
				LogAssemblyErrors (0ms)
				InitializePlatformSupportModulesInManaged (7ms)
				SetLoadedEditorAssemblies (0ms)
				RefreshPlugins (124ms)
				BeforeProcessingInitializeOnLoad (1ms)
				ProcessInitializeOnLoadAttributes (114ms)
				ProcessInitializeOnLoadMethodAttributes (43ms)
				AfterProcessingInitializeOnLoad (0ms)
				EditorAssembliesLoaded (0ms)
			ExecutionOrderSort2 (0ms)
			AwakeInstancesAfterBackupRestoration (0ms)
Platform modules already initialized, skipping
Registering precompiled user dll's ...
Registered in 0.004569 seconds.
Begin MonoManager ReloadAssembly
Symbol file LoadedFromMemory doesn't match image C:\Games\UnityProjects\WitchHunter\Library\PackageCache\com.unity.visualscripting@1.8.0\Editor\VisualScripting.Core\Dependencies\YamlDotNet\Unity.VisualScripting.YamlDotNet.dll
Symbol file LoadedFromMemory doesn't match image C:\Games\UnityProjects\WitchHunter\Library\PackageCache\com.unity.visualscripting@1.8.0\Editor\VisualScripting.Core\Dependencies\DotNetZip\Unity.VisualScripting.IonicZip.dll
Native extension for WindowsStandalone target not found
Native extension for WebGL target not found
Refreshing native plugins compatible for Editor in 107.71 ms, found 3 plugins.
Preloading 0 native plugins for Editor in 0.00 ms.
Mono: successfully reloaded assembly
- Completed reload, in  1.127 seconds
Domain Reload Profiling:
	ReloadAssembly (1128ms)
		BeginReloadAssembly (87ms)
			ExecutionOrderSort (0ms)
			DisableScriptedObjects (4ms)
			BackupInstance (0ms)
			ReleaseScriptingObjects (0ms)
			CreateAndSetChildDomain (19ms)
		EndReloadAssembly (945ms)
			LoadAssemblies (72ms)
			RebuildTransferFunctionScriptingTraits (0ms)
			SetupTypeCache (286ms)
			ReleaseScriptCaches (1ms)
			RebuildScriptCaches (55ms)
			SetupLoadedEditorAssemblies (501ms)
				LogAssemblyErrors (0ms)
				InitializePlatformSupportModulesInManaged (4ms)
				SetLoadedEditorAssemblies (0ms)
				RefreshPlugins (108ms)
				BeforeProcessingInitializeOnLoad (93ms)
				ProcessInitializeOnLoadAttributes (226ms)
				ProcessInitializeOnLoadMethodAttributes (66ms)
				AfterProcessingInitializeOnLoad (4ms)
				EditorAssembliesLoaded (0ms)
			ExecutionOrderSort2 (0ms)
			AwakeInstancesAfterBackupRestoration (5ms)
Platform modules already initialized, skipping
========================================================================
Worker process is ready to serve import requests
Launched and connected shader compiler UnityShaderCompiler.exe after 0.03 seconds
Refreshing native plugins compatible for Editor in 1.65 ms, found 3 plugins.
Preloading 0 native plugins for Editor in 0.00 ms.
Unloading 5421 Unused Serialized files (Serialized files now loaded: 0)
Unloading 73 unused Assets / (1.8 MB). Loaded Objects now: 5852.
Memory consumption went from 214.7 MB to 212.9 MB.
Total: 6.256500 ms (FindLiveObjects: 0.566900 ms CreateObjectMapping: 0.510200 ms MarkObjects: 4.221200 ms  DeleteObjects: 0.957300 ms)

AssetImportParameters requested are different than current active one (requested -> active):
  custom:video-decoder-ogg-theora: a1e56fd34408186e4bbccfd4996cb3dc -> 
  custom:container-muxer-webm: aa71ff27fc2769a1b78a27578f13a17b -> 
  custom:container-demuxer-webm: 4f35f7cbe854078d1ac9338744f61a02 -> 
  custom:video-encoder-webm-vp8: eb34c28f22e8b96e1ab97ce403110664 -> 
  custom:video-codec-MediaFoundation-h265: 746d11721c4dcdbdad8f713fa42b33f4 -> 
  custom:audio-encoder-webm-vorbis: bf7c407c2cedff20999df2af8eb42d56 -> 
  custom:framework-win-MediaFoundation: 216162199b28c13a410421893ffa2e32 -> 
  custom:SearchIndexIgnoredProperties: e643bd26f0fe6173181afceb89e7c659 -> 
  custom:container-demuxer-ogg: 62fdf1f143b41e24485cea50d1cbac27 -> 
  custom:video-decoder-webm-vp8: 9c59270c3fd7afecdb556c50c9e8de78 -> 
  custom:audio-decoder-ogg-vorbis: bf7c407c2cedff20999df2af8eb42d56 -> 
========================================================================
Received Import Request.
  Time since last request: 1486942.738460 seconds.
  path: Assets/Cainos/Pixel Art Platformer - Village Props/Texture/TX Village Props - Cup.asset
  artifactKey: Guid(c6282ecc5a469844bbeae13d696740ff) Importer(815301076,1909f56bfc062723c751e8b465ee728b)
Start importing Assets/Cainos/Pixel Art Platformer - Village Props/Texture/TX Village Props - Cup.asset using Guid(c6282ecc5a469844bbeae13d696740ff) Importer(815301076,1909f56bfc062723c751e8b465ee728b)  -> (artifact id: '2136b869ae0706700a1c9c29dbe58c47') in 0.101583 seconds 
========================================================================
Received Import Request.
  Time since last request: 0.266407 seconds.
  path: Assets/Cainos/Pixel Art Platformer - Village Props/Texture/TX Village Props - Fire Bowl.asset
  artifactKey: Guid(441475fbc7dc7dc43be79bea38c6ea85) Importer(815301076,1909f56bfc062723c751e8b465ee728b)
Start importing Assets/Cainos/Pixel Art Platformer - Village Props/Texture/TX Village Props - Fire Bowl.asset using Guid(441475fbc7dc7dc43be79bea38c6ea85) Importer(815301076,1909f56bfc062723c751e8b465ee728b)  -> (artifact id: 'df44277d894271cbfd505b1e7eab3a20') in 0.026554 seconds 
========================================================================
Received Import Request.
  Time since last request: 0.000023 seconds.
  path: Assets/Cainos/Pixel Art Platformer - Village Props/Texture/TX Village Props - Grass 04.asset
  artifactKey: Guid(a6d7169cc62940b4caec4eda73fcbbc0) Importer(815301076,1909f56bfc062723c751e8b465ee728b)
Start importing Assets/Cainos/Pixel Art Platformer - Village Props/Texture/TX Village Props - Grass 04.asset using Guid(a6d7169cc62940b4caec4eda73fcbbc0) Importer(815301076,1909f56bfc062723c751e8b465ee728b)  -> (artifact id: 'ae2a467975d2d3ca54ecd8a8c3e1dccb') in 0.024848 seconds 
========================================================================
Received Import Request.
  Time since last request: 0.000022 seconds.
  path: Assets/Cainos/Pixel Art Platformer - Village Props/Texture/TX Village Props - Grass 01.asset
  artifactKey: Guid(045f43e6816dce64ba09c017168f7151) Importer(815301076,1909f56bfc062723c751e8b465ee728b)
Start importing Assets/Cainos/Pixel Art Platformer - Village Props/Texture/TX Village Props - Grass 01.asset using Guid(045f43e6816dce64ba09c017168f7151) Importer(815301076,1909f56bfc062723c751e8b465ee728b)  -> (artifact id: '7722bac444f48d1f295f952e0e4b1cf0') in 0.018928 seconds 
========================================================================
Received Import Request.
  Time since last request: 8.078277 seconds.
  path: Assets/Cainos/Pixel Art Platformer - Village Props/Prefab/PF Village Props - Arrow.prefab
  artifactKey: Guid(27277137d0605bd45bd741cdb791e0c1) Importer(815301076,1909f56bfc062723c751e8b465ee728b)
Start importing Assets/Cainos/Pixel Art Platformer - Village Props/Prefab/PF Village Props - Arrow.prefab using Guid(27277137d0605bd45bd741cdb791e0c1) Importer(815301076,1909f56bfc062723c751e8b465ee728b)  -> (artifact id: '85f2636fc3ee1dc5dec67d8daa91a139') in 0.229781 seconds 
========================================================================
Received Import Request.
  Time since last request: 0.000030 seconds.
  path: Assets/Cainos/Pixel Art Platformer - Village Props/Prefab/PF Village Props - Chest Iron.prefab
  artifactKey: Guid(5abf20f0457997348bd80242fe916388) Importer(815301076,1909f56bfc062723c751e8b465ee728b)
Start importing Assets/Cainos/Pixel Art Platformer - Village Props/Prefab/PF Village Props - Chest Iron.prefab using Guid(5abf20f0457997348bd80242fe916388) Importer(815301076,1909f56bfc062723c751e8b465ee728b)  -> (artifact id: '041d5ad05b0e08f8e3c9f76bceb5b149') in 0.030105 seconds 
========================================================================
Received Import Request.
  Time since last request: 0.000036 seconds.
  path: Assets/Cainos/Pixel Art Platformer - Village Props/Prefab/PF Village Props - Banner.prefab
  artifactKey: Guid(5fd9ed34f1f755643b41c4b41d7077e5) Importer(815301076,1909f56bfc062723c751e8b465ee728b)
Start importing Assets/Cainos/Pixel Art Platformer - Village Props/Prefab/PF Village Props - Banner.prefab using Guid(5fd9ed34f1f755643b41c4b41d7077e5) Importer(815301076,1909f56bfc062723c751e8b465ee728b)  -> (artifact id: '757ffc3e4f78e399d114a07f95238a24') in 0.022964 seconds 
========================================================================
Received Import Request.
  Time since last request: 0.000024 seconds.
  path: Assets/Cainos/Pixel Art Platformer - Village Props/Prefab/PF Village Props - Bucket 01.prefab
  artifactKey: Guid(75e84fbdb66ab5647a06b786c6662307) Importer(815301076,1909f56bfc062723c751e8b465ee728b)
Start importing Assets/Cainos/Pixel Art Platformer - Village Props/Prefab/PF Village Props - Bucket 01.prefab using Guid(75e84fbdb66ab5647a06b786c6662307) Importer(815301076,1909f56bfc062723c751e8b465ee728b)  -> (artifact id: 'a491907ff664afa5a97b5d8c9686f8fa') in 0.034222 seconds 
========================================================================
Received Import Request.
  Time since last request: 0.000035 seconds.
  path: Assets/Cainos/Pixel Art Platformer - Village Props/Prefab/PF Village Props - Crate Small.prefab
  artifactKey: Guid(ab9278aa8a6f856468c48e893720a765) Importer(815301076,1909f56bfc062723c751e8b465ee728b)
Start importing Assets/Cainos/Pixel Art Platformer - Village Props/Prefab/PF Village Props - Crate Small.prefab using Guid(ab9278aa8a6f856468c48e893720a765) Importer(815301076,1909f56bfc062723c751e8b465ee728b)  -> (artifact id: '686d05944f60fabd795df7ae439a1187') in 0.014304 seconds 
========================================================================
Received Import Request.
  Time since last request: 0.000027 seconds.
  path: Assets/Cainos/Pixel Art Platformer - Village Props/Prefab/PF Village Props - Grass 07.prefab
  artifactKey: Guid(91aebb278b095f843a6d4213d7df47fd) Importer(815301076,1909f56bfc062723c751e8b465ee728b)
Start importing Assets/Cainos/Pixel Art Platformer - Village Props/Prefab/PF Village Props - Grass 07.prefab using Guid(91aebb278b095f843a6d4213d7df47fd) Importer(815301076,1909f56bfc062723c751e8b465ee728b)  -> (artifact id: '45301fff0fb4a0d56fef8d6d5f1130a2') in 0.014539 seconds 
========================================================================
Received Import Request.
  Time since last request: 0.000027 seconds.
  path: Assets/Cainos/Pixel Art Platformer - Village Props/Prefab/PF Village Props - Grass 04.prefab
  artifactKey: Guid(406ae01b7bf025d478da7b57dfe1715c) Importer(815301076,1909f56bfc062723c751e8b465ee728b)
Start importing Assets/Cainos/Pixel Art Platformer - Village Props/Prefab/PF Village Props - Grass 04.prefab using Guid(406ae01b7bf025d478da7b57dfe1715c) Importer(815301076,1909f56bfc062723c751e8b465ee728b)  -> (artifact id: 'abc14d6530c69ae933c1313c78078d9c') in 0.013984 seconds 
========================================================================
Received Import Request.
  Time since last request: 0.000036 seconds.
  path: Assets/Cainos/Pixel Art Platformer - Village Props/Prefab/PF Village Props - Elevator.prefab
  artifactKey: Guid(4c6f7f680d35ecb45bd66603fd0f3516) Importer(815301076,1909f56bfc062723c751e8b465ee728b)
Start importing Assets/Cainos/Pixel Art Platformer - Village Props/Prefab/PF Village Props - Elevator.prefab using Guid(4c6f7f680d35ecb45bd66603fd0f3516) Importer(815301076,1909f56bfc062723c751e8b465ee728b)  -> (artifact id: '6ea5063284d81adadf7a633631eba0db') in 0.017911 seconds 
========================================================================
Received Import Request.
  Time since last request: 0.000065 seconds.
  path: Assets/Cainos/Pixel Art Platformer - Village Props/Prefab/PF Village Props - Grass 09.prefab
  artifactKey: Guid(0cadafc44435d2649b8aa171d49f61d6) Importer(815301076,1909f56bfc062723c751e8b465ee728b)
Start importing Assets/Cainos/Pixel Art Platformer - Village Props/Prefab/PF Village Props - Grass 09.prefab using Guid(0cadafc44435d2649b8aa171d49f61d6) Importer(815301076,1909f56bfc062723c751e8b465ee728b)  -> (artifact id: '6667232fbde696d9adc206c632b55950') in 0.014019 seconds 
========================================================================
Received Import Request.
  Time since last request: 3.050197 seconds.
  path: Assets/Cainos/Pixel Art Platformer - Village Props/Texture/TX Village Props - Grass 09.asset
  artifactKey: Guid(d786fe3dd07708e40a85b16ec8b4e64a) Importer(815301076,1909f56bfc062723c751e8b465ee728b)
Start importing Assets/Cainos/Pixel Art Platformer - Village Props/Texture/TX Village Props - Grass 09.asset using Guid(d786fe3dd07708e40a85b16ec8b4e64a) Importer(815301076,1909f56bfc062723c751e8b465ee728b)  -> (artifact id: 'b74939cb912d3dc3f4f8b6e1f05a6f73') in 0.019498 seconds 
========================================================================
Received Import Request.
  Time since last request: 0.000031 seconds.
  path: Assets/Cainos/Pixel Art Platformer - Village Props/Texture/TX Village Props - Gunny Bag 02.asset
  artifactKey: Guid(5b1019a0d692b0a41855d3aeed8d2d35) Importer(815301076,1909f56bfc062723c751e8b465ee728b)
Start importing Assets/Cainos/Pixel Art Platformer - Village Props/Texture/TX Village Props - Gunny Bag 02.asset using Guid(5b1019a0d692b0a41855d3aeed8d2d35) Importer(815301076,1909f56bfc062723c751e8b465ee728b)  -> (artifact id: '67433d0e9a0fefc97ab7e8b8cf5c63a0') in 0.015281 seconds 
========================================================================
Received Import Request.
  Time since last request: 0.000026 seconds.
  path: Assets/Cainos/Pixel Art Platformer - Village Props/Texture/TX Village Props - Gravestone 04.asset
  artifactKey: Guid(dc7e1efc39f5480419c290acfa1cbf07) Importer(815301076,1909f56bfc062723c751e8b465ee728b)
Start importing Assets/Cainos/Pixel Art Platformer - Village Props/Texture/TX Village Props - Gravestone 04.asset using Guid(dc7e1efc39f5480419c290acfa1cbf07) Importer(815301076,1909f56bfc062723c751e8b465ee728b)  -> (artifact id: '1a93fb361530fce1a6500e7b251f68ab') in 0.016974 seconds 
========================================================================
Received Import Request.
  Time since last request: 0.000025 seconds.
  path: Assets/Cainos/Pixel Art Platformer - Village Props/Texture/TX Village Props - Ladder 01 Side RM 01.asset
  artifactKey: Guid(e1465c5c5746f0e4fa81334e650d19b0) Importer(815301076,1909f56bfc062723c751e8b465ee728b)
Start importing Assets/Cainos/Pixel Art Platformer - Village Props/Texture/TX Village Props - Ladder 01 Side RM 01.asset using Guid(e1465c5c5746f0e4fa81334e650d19b0) Importer(815301076,1909f56bfc062723c751e8b465ee728b)  -> (artifact id: '2e29ef372d7f27d068420fce44afc16a') in 0.014831 seconds 
========================================================================
Received Import Request.
  Time since last request: 0.000055 seconds.
  path: Assets/Cainos/Pixel Art Platformer - Village Props/Texture/TX Village Props - Ladder 02 Step B.asset
  artifactKey: Guid(0c8810251f55e2a47bd402d3b80446ee) Importer(815301076,1909f56bfc062723c751e8b465ee728b)
Start importing Assets/Cainos/Pixel Art Platformer - Village Props/Texture/TX Village Props - Ladder 02 Step B.asset using Guid(0c8810251f55e2a47bd402d3b80446ee) Importer(815301076,1909f56bfc062723c751e8b465ee728b)  -> (artifact id: '2771b057badad29cde35988bd77ab64e') in 0.013047 seconds 
========================================================================
Received Import Request.
  Time since last request: 0.000029 seconds.
  path: Assets/Cainos/Pixel Art Platformer - Village Props/Texture/TX Village Props - Ladder 02 Pillar A.asset
  artifactKey: Guid(fd5996a51b2c9f542b5697734b168137) Importer(815301076,1909f56bfc062723c751e8b465ee728b)
Start importing Assets/Cainos/Pixel Art Platformer - Village Props/Texture/TX Village Props - Ladder 02 Pillar A.asset using Guid(fd5996a51b2c9f542b5697734b168137) Importer(815301076,1909f56bfc062723c751e8b465ee728b)  -> (artifact id: '83f11f26df10028537a3171bb0a220a2') in 0.014050 seconds 
========================================================================
Received Import Request.
  Time since last request: 0.000022 seconds.
  path: Assets/Cainos/Pixel Art Platformer - Village Props/Texture/TX Village Props - Ladder 01 Side RT.asset
  artifactKey: Guid(ba1201f79656ef84e84046ca7d490d8d) Importer(815301076,1909f56bfc062723c751e8b465ee728b)
Start importing Assets/Cainos/Pixel Art Platformer - Village Props/Texture/TX Village Props - Ladder 01 Side RT.asset using Guid(ba1201f79656ef84e84046ca7d490d8d) Importer(815301076,1909f56bfc062723c751e8b465ee728b)  -> (artifact id: 'b669757ba9a96de97b719b92353233ca') in 0.013705 seconds 
========================================================================
Received Import Request.
  Time since last request: 0.000021 seconds.
  path: Assets/Cainos/Pixel Art Platformer - Village Props/Texture/TX Village Props - Ladder 01 Side RB.asset
  artifactKey: Guid(0ac0cdbe6317e284c84032e8cb1c7e59) Importer(815301076,1909f56bfc062723c751e8b465ee728b)
Start importing Assets/Cainos/Pixel Art Platformer - Village Props/Texture/TX Village Props - Ladder 01 Side RB.asset using Guid(0ac0cdbe6317e284c84032e8cb1c7e59) Importer(815301076,1909f56bfc062723c751e8b465ee728b)  -> (artifact id: 'a8a3c9bc4edff70319a85a49a7165ad7') in 0.015996 seconds 
========================================================================
Received Import Request.
  Time since last request: 0.000028 seconds.
  path: Assets/Cainos/Pixel Art Platformer - Village Props/Texture/TX Village Props - Heavy Sword.asset
  artifactKey: Guid(1eb2c1b5645f6c148911cb502165fd77) Importer(815301076,1909f56bfc062723c751e8b465ee728b)
Start importing Assets/Cainos/Pixel Art Platformer - Village Props/Texture/TX Village Props - Heavy Sword.asset using Guid(1eb2c1b5645f6c148911cb502165fd77) Importer(815301076,1909f56bfc062723c751e8b465ee728b)  -> (artifact id: '7d55b76b4194f02879f6c8f6afd1e245') in 0.011981 seconds 
========================================================================
Received Import Request.
  Time since last request: 0.890349 seconds.
  path: Assets/Cainos/Pixel Art Platformer - Village Props/Texture/TX Village Props - Obstacle Platform X16.asset
  artifactKey: Guid(267cb303b9050434593fbbdc024f3884) Importer(815301076,1909f56bfc062723c751e8b465ee728b)
Start importing Assets/Cainos/Pixel Art Platformer - Village Props/Texture/TX Village Props - Obstacle Platform X16.asset using Guid(267cb303b9050434593fbbdc024f3884) Importer(815301076,1909f56bfc062723c751e8b465ee728b)  -> (artifact id: '00228eb25fc388cf3953b8cf7fd6fc67') in 0.028618 seconds 
========================================================================
Received Import Request.
  Time since last request: 0.000031 seconds.
  path: Assets/Cainos/Pixel Art Platformer - Village Props/Texture/TX Village Props - Road Lamp Light Off.asset
  artifactKey: Guid(af7b3fafaaefff544b632fdde61c259b) Importer(815301076,1909f56bfc062723c751e8b465ee728b)
Start importing Assets/Cainos/Pixel Art Platformer - Village Props/Texture/TX Village Props - Road Lamp Light Off.asset using Guid(af7b3fafaaefff544b632fdde61c259b) Importer(815301076,1909f56bfc062723c751e8b465ee728b)  -> (artifact id: '315aab6230a8bfe1c13ba22e7ca57ddf') in 0.014545 seconds 
========================================================================
Received Import Request.
  Time since last request: 0.000044 seconds.
  path: Assets/Cainos/Pixel Art Platformer - Village Props/Texture/TX Village Props - Pumpkin 01.asset
  artifactKey: Guid(839fe5eab87a6e14e99192050b99d41a) Importer(815301076,1909f56bfc062723c751e8b465ee728b)
Start importing Assets/Cainos/Pixel Art Platformer - Village Props/Texture/TX Village Props - Pumpkin 01.asset using Guid(839fe5eab87a6e14e99192050b99d41a) Importer(815301076,1909f56bfc062723c751e8b465ee728b)  -> (artifact id: 'ecd48637bd051ad104d2b79901ada96d') in 0.027226 seconds 
========================================================================
Received Import Request.
  Time since last request: 0.000034 seconds.
  path: Assets/Cainos/Pixel Art Platformer - Village Props/Texture/TX Village Props - Seesaw 01 Board.asset
  artifactKey: Guid(8313da994c5e7774ab8ac47523eae140) Importer(815301076,1909f56bfc062723c751e8b465ee728b)
Start importing Assets/Cainos/Pixel Art Platformer - Village Props/Texture/TX Village Props - Seesaw 01 Board.asset using Guid(8313da994c5e7774ab8ac47523eae140) Importer(815301076,1909f56bfc062723c751e8b465ee728b)  -> (artifact id: '66c145e2db9100bd94d6617a69936754') in 0.020491 seconds 
========================================================================
Received Import Request.
  Time since last request: 0.000037 seconds.
  path: Assets/Cainos/Pixel Art Platformer - Village Props/Texture/TX Village Props - Stairs X48.asset
  artifactKey: Guid(1af76be29c8280044946360d011f2ae5) Importer(815301076,1909f56bfc062723c751e8b465ee728b)
Start importing Assets/Cainos/Pixel Art Platformer - Village Props/Texture/TX Village Props - Stairs X48.asset using Guid(1af76be29c8280044946360d011f2ae5) Importer(815301076,1909f56bfc062723c751e8b465ee728b)  -> (artifact id: 'edc3d1204df21491b86988bc8a4795b5') in 0.018025 seconds 
========================================================================
Received Import Request.
  Time since last request: 0.000035 seconds.
  path: Assets/Cainos/Pixel Art Platformer - Village Props/Texture/TX Village Props - Sunflower 01.asset
  artifactKey: Guid(a225c3450ee702a4ab8f06e6aa695bb9) Importer(815301076,1909f56bfc062723c751e8b465ee728b)
Start importing Assets/Cainos/Pixel Art Platformer - Village Props/Texture/TX Village Props - Sunflower 01.asset using Guid(a225c3450ee702a4ab8f06e6aa695bb9) Importer(815301076,1909f56bfc062723c751e8b465ee728b)  -> (artifact id: '982361b8b2e4e8d6115feb17f2bf2e58') in 0.011764 seconds 
========================================================================
Received Import Request.
  Time since last request: 0.000030 seconds.
  path: Assets/Cainos/Pixel Art Platformer - Village Props/Texture/TX Village Props - Stairs X32.asset
  artifactKey: Guid(a6de96297fcc33345b9c9dacf13a3a50) Importer(815301076,1909f56bfc062723c751e8b465ee728b)
Start importing Assets/Cainos/Pixel Art Platformer - Village Props/Texture/TX Village Props - Stairs X32.asset using Guid(a6de96297fcc33345b9c9dacf13a3a50) Importer(815301076,1909f56bfc062723c751e8b465ee728b)  -> (artifact id: '0c1a67b63b9bf7a639acea744efedddf') in 0.012194 seconds 
========================================================================
Received Import Request.
  Time since last request: 0.000041 seconds.
  path: Assets/Cainos/Pixel Art Platformer - Village Props/Texture/TX Village Props - Rock 03.asset
  artifactKey: Guid(bb33d17b8b41f974585194a9a80cf8f0) Importer(815301076,1909f56bfc062723c751e8b465ee728b)
Start importing Assets/Cainos/Pixel Art Platformer - Village Props/Texture/TX Village Props - Rock 03.asset using Guid(bb33d17b8b41f974585194a9a80cf8f0) Importer(815301076,1909f56bfc062723c751e8b465ee728b)  -> (artifact id: '0c980112b55573f4b9bb98e58afd7c05') in 0.012142 seconds 
========================================================================
Received Import Request.
  Time since last request: 0.000024 seconds.
  path: Assets/Cainos/Pixel Art Platformer - Village Props/Texture/TX Village Props - Stone of Recall.asset
  artifactKey: Guid(850d8a1d997d254418dfd5b82ab6a2ed) Importer(815301076,1909f56bfc062723c751e8b465ee728b)
Start importing Assets/Cainos/Pixel Art Platformer - Village Props/Texture/TX Village Props - Stone of Recall.asset using Guid(850d8a1d997d254418dfd5b82ab6a2ed) Importer(815301076,1909f56bfc062723c751e8b465ee728b)  -> (artifact id: '7f59d44a6b5b0a60d39b43e626b99183') in 0.014187 seconds 
========================================================================
Received Import Request.
  Time since last request: 0.000053 seconds.
  path: Assets/Cainos/Pixel Art Platformer - Village Props/Texture/TX Village Props - Stairs X40.asset
  artifactKey: Guid(0fce5c981fdca644282b28eabcd9d3a3) Importer(815301076,1909f56bfc062723c751e8b465ee728b)
Start importing Assets/Cainos/Pixel Art Platformer - Village Props/Texture/TX Village Props - Stairs X40.asset using Guid(0fce5c981fdca644282b28eabcd9d3a3) Importer(815301076,1909f56bfc062723c751e8b465ee728b)  -> (artifact id: 'c3113aa3c3402debbcf6ffb6701095c3') in 0.012380 seconds 
========================================================================
Received Import Request.
  Time since last request: 0.000030 seconds.
  path: Assets/Cainos/Pixel Art Platformer - Village Props/Texture/TX Village Props - Sign 01.asset
  artifactKey: Guid(06b16d15946a2294f88370cd85482d73) Importer(815301076,1909f56bfc062723c751e8b465ee728b)
Start importing Assets/Cainos/Pixel Art Platformer - Village Props/Texture/TX Village Props - Sign 01.asset using Guid(06b16d15946a2294f88370cd85482d73) Importer(815301076,1909f56bfc062723c751e8b465ee728b)  -> (artifact id: '7ce99e62cd23513e1c10f84d0accf497') in 0.012740 seconds 
========================================================================
Received Import Request.
  Time since last request: 0.000036 seconds.
  path: Assets/Cainos/Pixel Art Platformer - Village Props/Texture/TX Village Props - Stone of Recall - Glow.asset
  artifactKey: Guid(4bb914b4dda39fa4393ab42e715c2dd8) Importer(815301076,1909f56bfc062723c751e8b465ee728b)
Start importing Assets/Cainos/Pixel Art Platformer - Village Props/Texture/TX Village Props - Stone of Recall - Glow.asset using Guid(4bb914b4dda39fa4393ab42e715c2dd8) Importer(815301076,1909f56bfc062723c751e8b465ee728b)  -> (artifact id: 'dc0c8309768aa029166da7f816f776f7') in 0.012985 seconds 
========================================================================
Received Import Request.
  Time since last request: 0.000023 seconds.
  path: Assets/Cainos/Pixel Art Platformer - Village Props/Texture/TX Village Props - Sunflower 02.asset
  artifactKey: Guid(2966c5917b07805499e3f933a15017c2) Importer(815301076,1909f56bfc062723c751e8b465ee728b)
Start importing Assets/Cainos/Pixel Art Platformer - Village Props/Texture/TX Village Props - Sunflower 02.asset using Guid(2966c5917b07805499e3f933a15017c2) Importer(815301076,1909f56bfc062723c751e8b465ee728b)  -> (artifact id: 'b98e26a9a1e7895c604423904ed7bf58') in 0.014840 seconds 
========================================================================
Received Import Request.
  Time since last request: 0.000036 seconds.
  path: Assets/Cainos/Pixel Art Platformer - Village Props/Texture/TX Village Props - Road Sign 02.asset
  artifactKey: Guid(ee1e21267feda224c95db8f8c8caa1ee) Importer(815301076,1909f56bfc062723c751e8b465ee728b)
Start importing Assets/Cainos/Pixel Art Platformer - Village Props/Texture/TX Village Props - Road Sign 02.asset using Guid(ee1e21267feda224c95db8f8c8caa1ee) Importer(815301076,1909f56bfc062723c751e8b465ee728b)  -> (artifact id: '7c01c9aebbec3a59b6c7659ac00f30d9') in 0.016119 seconds 
========================================================================
Received Import Request.
  Time since last request: 0.000023 seconds.
  path: Assets/Cainos/Pixel Art Platformer - Village Props/Texture/TX Village Props - Platform R 01.asset
  artifactKey: Guid(50d4b6cb206f79942b7cfd516baae1bc) Importer(815301076,1909f56bfc062723c751e8b465ee728b)
Start importing Assets/Cainos/Pixel Art Platformer - Village Props/Texture/TX Village Props - Platform R 01.asset using Guid(50d4b6cb206f79942b7cfd516baae1bc) Importer(815301076,1909f56bfc062723c751e8b465ee728b)  -> (artifact id: '948c1f0d10b1aadc78fd90edbce593a3') in 0.016053 seconds 
========================================================================
Received Import Request.
  Time since last request: 0.000021 seconds.
  path: Assets/Cainos/Pixel Art Platformer - Village Props/Texture/TX Village Props - Obstacle Platform X24.asset
  artifactKey: Guid(698f3b070bcc7e148ab502efea0fd83e) Importer(815301076,1909f56bfc062723c751e8b465ee728b)
Start importing Assets/Cainos/Pixel Art Platformer - Village Props/Texture/TX Village Props - Obstacle Platform X24.asset using Guid(698f3b070bcc7e148ab502efea0fd83e) Importer(815301076,1909f56bfc062723c751e8b465ee728b)  -> (artifact id: '4edcf027ddaecd00ba14cf71a751b27a') in 0.015321 seconds 
========================================================================
Received Import Request.
  Time since last request: 0.094667 seconds.
  path: Assets/Cainos/Pixel Art Platformer - Village Props/Texture/TX Village Props - Torch.asset
  artifactKey: Guid(a7f9da0ac430c5546862769ce7927988) Importer(815301076,1909f56bfc062723c751e8b465ee728b)
Start importing Assets/Cainos/Pixel Art Platformer - Village Props/Texture/TX Village Props - Torch.asset using Guid(a7f9da0ac430c5546862769ce7927988) Importer(815301076,1909f56bfc062723c751e8b465ee728b)  -> (artifact id: 'd3a7adb842192399cec15fa95add59e4') in 0.013282 seconds 
========================================================================
Received Import Request.
  Time since last request: 0.000023 seconds.
  path: Assets/Cainos/Pixel Art Platformer - Village Props/Texture/TX Village Props - Tree 01.asset
  artifactKey: Guid(565a41037389e6f4caca18e41f58f488) Importer(815301076,1909f56bfc062723c751e8b465ee728b)
Start importing Assets/Cainos/Pixel Art Platformer - Village Props/Texture/TX Village Props - Tree 01.asset using Guid(565a41037389e6f4caca18e41f58f488) Importer(815301076,1909f56bfc062723c751e8b465ee728b)  -> (artifact id: 'cbbbee760a24c1019ff0ef3bef864210') in 0.015328 seconds 
========================================================================
Received Import Request.
  Time since last request: 0.000035 seconds.
  path: Assets/Cainos/Pixel Art Platformer - Village Props/Texture/TX Village Props - Training Dummy.asset
  artifactKey: Guid(740824e63d92d6c4781fda3ed0aa7611) Importer(815301076,1909f56bfc062723c751e8b465ee728b)
Start importing Assets/Cainos/Pixel Art Platformer - Village Props/Texture/TX Village Props - Training Dummy.asset using Guid(740824e63d92d6c4781fda3ed0aa7611) Importer(815301076,1909f56bfc062723c751e8b465ee728b)  -> (artifact id: '6cdda8e8987b6b2d2ee90ea34ab4a370') in 0.013954 seconds 
========================================================================
Received Import Request.
  Time since last request: 0.116483 seconds.
  path: Assets/Cainos/Pixel Art Platformer - Village Props/Texture/TX Village Props - Wheelbarrow.asset
  artifactKey: Guid(b80c188cf12c35e42b57617680bfbb2c) Importer(815301076,1909f56bfc062723c751e8b465ee728b)
Start importing Assets/Cainos/Pixel Art Platformer - Village Props/Texture/TX Village Props - Wheelbarrow.asset using Guid(b80c188cf12c35e42b57617680bfbb2c) Importer(815301076,1909f56bfc062723c751e8b465ee728b)  -> (artifact id: 'fa50fdb312061fa140baf045cfb424e4') in 0.014630 seconds 
========================================================================
Received Import Request.
  Time since last request: 0.000023 seconds.
  path: Assets/Cainos/Pixel Art Platformer - Village Props/Texture/TX Village Props - Wooden Bridge Part 01.asset
  artifactKey: Guid(8fb4c29075e2dc2419158daba46addd4) Importer(815301076,1909f56bfc062723c751e8b465ee728b)
Start importing Assets/Cainos/Pixel Art Platformer - Village Props/Texture/TX Village Props - Wooden Bridge Part 01.asset using Guid(8fb4c29075e2dc2419158daba46addd4) Importer(815301076,1909f56bfc062723c751e8b465ee728b)  -> (artifact id: 'e1deedd1758d53e058745c7f4844e007') in 0.015140 seconds 
========================================================================
Received Import Request.
  Time since last request: 0.000025 seconds.
  path: Assets/Cainos/Pixel Art Platformer - Village Props/Texture/TX Village Props - Wooden Bridge Part 05.asset
  artifactKey: Guid(a12cbefd249ce254eba62a0287315068) Importer(815301076,1909f56bfc062723c751e8b465ee728b)
Start importing Assets/Cainos/Pixel Art Platformer - Village Props/Texture/TX Village Props - Wooden Bridge Part 05.asset using Guid(a12cbefd249ce254eba62a0287315068) Importer(815301076,1909f56bfc062723c751e8b465ee728b)  -> (artifact id: '67e08647a7685ac157eeff60810fb76e') in 0.016149 seconds 
========================================================================
Received Import Request.
  Time since last request: 23.045022 seconds.
  path: Assets/Cainos/Pixel Art Platformer - Village Props/Texture/TX Village Props - Jump Platform 02.asset
  artifactKey: Guid(06247b78ad74d754ba0ffa5e27e3d6b7) Importer(815301076,1909f56bfc062723c751e8b465ee728b)
Start importing Assets/Cainos/Pixel Art Platformer - Village Props/Texture/TX Village Props - Jump Platform 02.asset using Guid(06247b78ad74d754ba0ffa5e27e3d6b7) Importer(815301076,1909f56bfc062723c751e8b465ee728b)  -> (artifact id: '9cb5db919c204e9402035b108c68491f') in 0.026656 seconds 
========================================================================
Received Import Request.
  Time since last request: 0.000042 seconds.
  path: Assets/Cainos/Pixel Art Platformer - Village Props/Texture/TX Village Props - Ladder 02 Pillar B 1.asset
  artifactKey: Guid(d0db87767ba7cd445b472b7c79bdc3d0) Importer(815301076,1909f56bfc062723c751e8b465ee728b)
Start importing Assets/Cainos/Pixel Art Platformer - Village Props/Texture/TX Village Props - Ladder 02 Pillar B 1.asset using Guid(d0db87767ba7cd445b472b7c79bdc3d0) Importer(815301076,1909f56bfc062723c751e8b465ee728b)  -> (artifact id: 'acd8c88612116594b2e3bdeb98573145') in 0.019456 seconds 
========================================================================
Received Import Request.
  Time since last request: 0.000024 seconds.
  path: Assets/Cainos/Pixel Art Platformer - Village Props/Texture/TX Village Props - Ladder 01 Side LM 03.asset
  artifactKey: Guid(488ece63665491f43a4b04c16f5ea0f2) Importer(815301076,1909f56bfc062723c751e8b465ee728b)
Start importing Assets/Cainos/Pixel Art Platformer - Village Props/Texture/TX Village Props - Ladder 01 Side LM 03.asset using Guid(488ece63665491f43a4b04c16f5ea0f2) Importer(815301076,1909f56bfc062723c751e8b465ee728b)  -> (artifact id: '58a1fc4d48e805a186c256c0268e7004') in 0.027370 seconds 
========================================================================
Received Import Request.
  Time since last request: 0.000031 seconds.
  path: Assets/Cainos/Pixel Art Platformer - Village Props/Texture/TX Village Props - Ladder 01 T 1.asset
  artifactKey: Guid(96a77848db5d00e4ebbf9ed2af55ae67) Importer(815301076,1909f56bfc062723c751e8b465ee728b)
Start importing Assets/Cainos/Pixel Art Platformer - Village Props/Texture/TX Village Props - Ladder 01 T 1.asset using Guid(96a77848db5d00e4ebbf9ed2af55ae67) Importer(815301076,1909f56bfc062723c751e8b465ee728b)  -> (artifact id: '450005403e891ee79e56456d0ffc18b9') in 0.020232 seconds 
========================================================================
Received Import Request.
  Time since last request: 0.000031 seconds.
  path: Assets/Cainos/Pixel Art Platformer - Village Props/Texture/TX Village Props - Ladder 01 Side RM 03.asset
  artifactKey: Guid(6c486e4d818b9764f8a2c3cc7d403f5d) Importer(815301076,1909f56bfc062723c751e8b465ee728b)
Start importing Assets/Cainos/Pixel Art Platformer - Village Props/Texture/TX Village Props - Ladder 01 Side RM 03.asset using Guid(6c486e4d818b9764f8a2c3cc7d403f5d) Importer(815301076,1909f56bfc062723c751e8b465ee728b)  -> (artifact id: 'bb0b42aff462e7cb2f7ece4e4664056f') in 0.016387 seconds 
========================================================================
Received Import Request.
  Time since last request: 0.000030 seconds.
  path: Assets/Cainos/Pixel Art Platformer - Village Props/Texture/TX Village Props - Ladder 02 Pillar A 1.asset
  artifactKey: Guid(7a65a25eb75b0b64eb167bce3a7ab3e1) Importer(815301076,1909f56bfc062723c751e8b465ee728b)
Start importing Assets/Cainos/Pixel Art Platformer - Village Props/Texture/TX Village Props - Ladder 02 Pillar A 1.asset using Guid(7a65a25eb75b0b64eb167bce3a7ab3e1) Importer(815301076,1909f56bfc062723c751e8b465ee728b)  -> (artifact id: '73edced6db29a5b88386450b1f64fed1') in 0.013298 seconds 
Editor requested this worker to shutdown with reason: Scaling down because of idle timeout
AssetImportWorker is now disconnected from the server
Process exiting
Exiting without the bug reporter. Application will terminate with return code 0